<?xml version="1.0" encoding="UTF-8"?>
<!-- Generated by org.testng.reporters.JUnitReportReporter -->
<testsuite hostname="LAPTOP-HKELEUN8" failures="0" tests="1" name="KiteTest.Test_class" time="3.310" errors="0" timestamp="2022-09-03T14:55:26 IST" skipped="0">
  <testcase classname="KiteTest.Test_class" name="enteruserID" time="3.310"/>
  <system-out>
    <![CDATA[running verify user id]]>
  </system-out>
</testsuite> <!-- KiteTest.Test_class -->
