<?xml version="1.0" encoding="UTF-8"?>
<!-- Generated by org.testng.reporters.JUnitReportReporter -->
<testsuite hostname="LAPTOP-HKELEUN8" failures="0" tests="1" name="Base_Utility_ActiTest.ActiTest" time="2.091" errors="0" timestamp="2022-09-07T00:38:01 IST" skipped="0">
  <testcase classname="Base_Utility_ActiTest.ActiTest" name="nothing" time="2.091"/>
  <system-out>
    <![CDATA[running TC]]>
  </system-out>
</testsuite> <!-- Base_Utility_ActiTest.ActiTest -->
